<?xml version="1.0" encoding="UTF-8"?>
<!-- Generated by org.testng.reporters.JUnitXMLReporter -->
<testsuite ignored="3" hostname="Mainaks-MacBook-Air.local" failures="0" tests="1" name="Default test-0" time="51.646" errors="0" timestamp="2024-01-31T16:58:34 IST">
  <testcase classname="com.browserstact.poc.AndroidTestCases" name="tc_004_wiki" time="7.458"/>
  <testcase classname="com.browserstact.poc.AndroidTestCases" name="tc_001" time="0.0">
    <ignored/>
  </testcase> <!-- tc_001 -->
  <testcase classname="com.browserstact.poc.AndroidTestCases" name="tc_002" time="0.0">
    <ignored/>
  </testcase> <!-- tc_002 -->
  <testcase classname="com.browserstact.poc.AndroidTestCases" name="tc_003" time="0.0">
    <ignored/>
  </testcase> <!-- tc_003 -->
</testsuite> <!-- Default test-0 -->
