<?xml version="1.0" encoding="UTF-8"?>
<!-- Generated by org.testng.reporters.JUnitReportReporter -->
<testsuite hostname="Mainaks-MacBook-Air.local" failures="0" tests="2" name="com.browserstact.poc.IOSTestCases" time="44.675" errors="0" timestamp="2024-01-17T17:42:54 IST" skipped="1">
  <testcase classname="com.browserstact.poc.IOSTestCases" name="tc001" time="44.675"/>
  <system-out/>
  <testcase classname="com.browserstact.poc.IOSTestCases" name="tc002">
    <skipped/>
  </testcase> <!-- tc002 -->
  <system-out/>
</testsuite> <!-- com.browserstact.poc.IOSTestCases -->
